#
# There is insufficient memory for the Java Runtime Environment to continue.
# Native memory allocation (malloc) failed to allocate 1048896 bytes for Chunk::new
# Possible reasons:
#   The system is out of physical RAM or swap space
#   The process is running with CompressedOops enabled, and the Java Heap may be blocking the growth of the native heap
# Possible solutions:
#   Reduce memory load on the system
#   Increase physical memory or swap space
#   Check if swap backing store is full
#   Decrease Java heap size (-Xmx/-Xms)
#   Decrease number of Java threads
#   Decrease Java thread stack sizes (-Xss)
#   Set larger code cache with -XX:ReservedCodeCacheSize=
#   JVM is running with Unscaled Compressed Oops mode in which the Java heap is
#     placed in the first 4GB address space. The Java Heap base address is the
#     maximum limit for the native heap growth. Please use -XX:HeapBaseMinAddress
#     to set the Java Heap base and to place the Java Heap above 4GB virtual address.
# This output file may be truncated or incomplete.
#
#  Out of Memory Error (./src/hotspot/share/memory/arena.cpp:197), pid=52716, tid=72700
#
# JRE version: OpenJDK Runtime Environment (11.0.11+9) (build 11.0.11+9-b60-7590822)
# Java VM: OpenJDK 64-Bit Server VM (11.0.11+9-b60-7590822, mixed mode, tiered, compressed oops, g1 gc, windows-amd64)
# No core dump will be written. Minidumps are not enabled by default on client versions of Windows
#

---------------  S U M M A R Y ------------

Command Line: --add-opens=java.base/java.util=ALL-UNNAMED --add-opens=java.base/java.lang=ALL-UNNAMED --add-opens=java.base/java.lang.invoke=ALL-UNNAMED --add-opens=java.base/java.util=ALL-UNNAMED --add-opens=java.prefs/java.util.prefs=ALL-UNNAMED --add-opens=java.prefs/java.util.prefs=ALL-UNNAMED --add-opens=java.base/java.nio.charset=ALL-UNNAMED --add-opens=java.base/java.net=ALL-UNNAMED --add-opens=java.base/java.util.concurrent.atomic=ALL-UNNAMED -Xmx2048m -Dfile.encoding=UTF-8 -Duser.country=BR -Duser.language=pt -Duser.variant org.gradle.launcher.daemon.bootstrap.GradleDaemon 7.2

Host: Intel(R) Core(TM) i7-10700 CPU @ 2.90GHz, 16 cores, 15G,  Windows 10 , 64 bit Build 22000 (10.0.22000.708)
Time: Tue Oct 25 17:09:22 2022 Hora oficial do Brasil elapsed time: 2.566033 seconds (0d 0h 0m 2s)

---------------  T H R E A D  ---------------

Current thread (0x000001c0bb4e0000):  JavaThread "C2 CompilerThread0" daemon [_thread_in_native, id=72700, stack(0x000000990a100000,0x000000990a200000)]


Current CompileTask:
C2:   2566 2460   !   4       java.net.URLClassLoader$1::run (63 bytes)

Stack: [0x000000990a100000,0x000000990a200000]
Native frames: (J=compiled Java code, j=interpreted, Vv=VM code, C=native code)
V  [jvm.dll+0x5f214a]
V  [jvm.dll+0x726fb5]
V  [jvm.dll+0x7285cd]
V  [jvm.dll+0x728c83]
V  [jvm.dll+0x243278]
V  [jvm.dll+0xbc53c]
V  [jvm.dll+0xbca3c]
V  [jvm.dll+0x2b5c34]
V  [jvm.dll+0x508488]
V  [jvm.dll+0x203d53]
V  [jvm.dll+0x1fdbac]
V  [jvm.dll+0x1fb35f]
V  [jvm.dll+0x183d6c]
V  [jvm.dll+0x209a57]
V  [jvm.dll+0x2082a1]
V  [jvm.dll+0x6ef58f]
V  [jvm.dll+0x6e80b5]
V  [jvm.dll+0x5f1036]
C  [ucrtbase.dll+0x26c0c]
C  [KERNEL32.DLL+0x154e0]
C  [ntdll.dll+0x485b]


---------------  P R O C E S S  ---------------

Threads class SMR info:
_java_thread_list=0x000001c0bf592aa0, length=32, elements={
0x000001c09db4c000, 0x000001c0bb47b800, 0x000001c0bb484800, 0x000001c0bb4da800,
0x000001c0bb4db800, 0x000001c0bb4de800, 0x000001c0bb4e0000, 0x000001c0bb4e3800,
0x000001c0bb4e6800, 0x000001c0bac18800, 0x000001c0bb662000, 0x000001c0bc6fb000,
0x000001c0bc799800, 0x000001c0bc73a000, 0x000001c0bc6a5800, 0x000001c0bd843000,
0x000001c0bc9e6800, 0x000001c0bd6f1000, 0x000001c0bd5d5000, 0x000001c0bd607800,
0x000001c0bd606000, 0x000001c0bd5c8800, 0x000001c0bd5c4800, 0x000001c0bd5c7800,
0x000001c0bd5cb000, 0x000001c0bd5c9000, 0x000001c0bd5ca000, 0x000001c0bd5c5000,
0x000001c0bd5c6000, 0x000001c0bd5c6800, 0x000001c0be3f8000, 0x000001c0be3fb800
}

Java Threads: ( => current thread )
  0x000001c09db4c000 JavaThread "main" [_thread_blocked, id=55120, stack(0x0000009909500000,0x0000009909600000)]
  0x000001c0bb47b800 JavaThread "Reference Handler" daemon [_thread_blocked, id=19048, stack(0x0000009909c00000,0x0000009909d00000)]
  0x000001c0bb484800 JavaThread "Finalizer" daemon [_thread_blocked, id=73828, stack(0x0000009909d00000,0x0000009909e00000)]
  0x000001c0bb4da800 JavaThread "Signal Dispatcher" daemon [_thread_blocked, id=20976, stack(0x0000009909e00000,0x0000009909f00000)]
  0x000001c0bb4db800 JavaThread "Attach Listener" daemon [_thread_blocked, id=29304, stack(0x0000009909f00000,0x000000990a000000)]
  0x000001c0bb4de800 JavaThread "Service Thread" daemon [_thread_blocked, id=18728, stack(0x000000990a000000,0x000000990a100000)]
=>0x000001c0bb4e0000 JavaThread "C2 CompilerThread0" daemon [_thread_in_native, id=72700, stack(0x000000990a100000,0x000000990a200000)]
  0x000001c0bb4e3800 JavaThread "C1 CompilerThread0" daemon [_thread_blocked, id=51132, stack(0x000000990a200000,0x000000990a300000)]
  0x000001c0bb4e6800 JavaThread "Sweeper thread" daemon [_thread_blocked, id=17112, stack(0x000000990a300000,0x000000990a400000)]
  0x000001c0bac18800 JavaThread "C1 CompilerThread1" daemon [_thread_blocked, id=32124, stack(0x000000990a400000,0x000000990a500000)]
  0x000001c0bb662000 JavaThread "Common-Cleaner" daemon [_thread_blocked, id=30880, stack(0x000000990a500000,0x000000990a600000)]
  0x000001c0bc6fb000 JavaThread "C1 CompilerThread2" daemon [_thread_blocked, id=44664, stack(0x000000990ac00000,0x000000990ad00000)]
  0x000001c0bc799800 JavaThread "Daemon health stats" [_thread_blocked, id=48056, stack(0x000000990ad00000,0x000000990ae00000)]
  0x000001c0bc73a000 JavaThread "Incoming local TCP Connector on port 54272" [_thread_in_native, id=41992, stack(0x000000990ae00000,0x000000990af00000)]
  0x000001c0bc6a5800 JavaThread "Daemon periodic checks" [_thread_blocked, id=31012, stack(0x000000990af00000,0x000000990b000000)]
  0x000001c0bd843000 JavaThread "Daemon" [_thread_blocked, id=47420, stack(0x000000990b000000,0x000000990b100000)]
  0x000001c0bc9e6800 JavaThread "Handler for socket connection from /127.0.0.1:54272 to /127.0.0.1:54273" [_thread_in_native, id=23352, stack(0x000000990b100000,0x000000990b200000)]
  0x000001c0bd6f1000 JavaThread "Cancel handler" [_thread_blocked, id=33264, stack(0x000000990b200000,0x000000990b300000)]
  0x000001c0bd5d5000 JavaThread "Daemon worker" [_thread_in_native, id=52260, stack(0x000000990b300000,0x000000990b400000)]
  0x000001c0bd607800 JavaThread "Asynchronous log dispatcher for DefaultDaemonConnection: socket connection from /127.0.0.1:54272 to /127.0.0.1:54273" [_thread_blocked, id=18752, stack(0x000000990b400000,0x000000990b500000)]
  0x000001c0bd606000 JavaThread "Stdin handler" [_thread_blocked, id=59532, stack(0x000000990b500000,0x000000990b600000)]
  0x000001c0bd5c8800 JavaThread "Daemon client event forwarder" [_thread_blocked, id=3556, stack(0x000000990b600000,0x000000990b700000)]
  0x000001c0bd5c4800 JavaThread "Cache worker for journal cache (C:\Users\ipead\.gradle\caches\journal-1)" [_thread_blocked, id=64812, stack(0x000000990b700000,0x000000990b800000)]
  0x000001c0bd5c7800 JavaThread "File lock request listener" [_thread_in_native, id=51692, stack(0x000000990b800000,0x000000990b900000)]
  0x000001c0bd5cb000 JavaThread "Cache worker for file hash cache (C:\Users\ipead\.gradle\caches\7.2\fileHashes)" [_thread_blocked, id=19088, stack(0x000000990b900000,0x000000990ba00000)]
  0x000001c0bd5c9000 JavaThread "Cache worker for file hash cache (C:\Users\ipead\StudioProjects\CAROL-EQUEST\.gradle\7.2\fileHashes)" [_thread_blocked, id=59256, stack(0x000000990c300000,0x000000990c400000)]
  0x000001c0bd5ca000 JavaThread "File watcher server" daemon [_thread_in_native, id=18196, stack(0x000000990c400000,0x000000990c500000)]
  0x000001c0bd5c5000 JavaThread "File watcher consumer" daemon [_thread_blocked, id=73736, stack(0x000000990c500000,0x000000990c600000)]
  0x000001c0bd5c6000 JavaThread "Cache worker for checksums cache (C:\Users\ipead\StudioProjects\CAROL-EQUEST\.gradle\checksums)" [_thread_blocked, id=31248, stack(0x000000990c600000,0x000000990c700000)]
  0x000001c0bd5c6800 JavaThread "Cache worker for cache directory md-supplier (C:\Users\ipead\.gradle\caches\7.2\md-supplier)" [_thread_blocked, id=20492, stack(0x000000990c700000,0x000000990c800000)]
  0x000001c0be3f8000 JavaThread "Cache worker for cache directory md-rule (C:\Users\ipead\.gradle\caches\7.2\md-rule)" [_thread_blocked, id=19660, stack(0x000000990c800000,0x000000990c900000)]
  0x000001c0be3fb800 JavaThread "Cache worker for execution history cache (C:\Users\ipead\.gradle\caches\7.2\executionHistory)" [_thread_blocked, id=41976, stack(0x000000990c900000,0x000000990ca00000)]

Other Threads:
  0x000001c0bb477800 VMThread "VM Thread" [stack: 0x0000009909b00000,0x0000009909c00000] [id=9500]
  0x000001c0bb697000 WatcherThread [stack: 0x000000990a600000,0x000000990a700000] [id=75544]
  0x000001c09fc25800 GCTaskThread "GC Thread#0" [stack: 0x0000009909600000,0x0000009909700000] [id=24296]
  0x000001c0bc093800 GCTaskThread "GC Thread#1" [stack: 0x000000990a700000,0x000000990a800000] [id=41400]
  0x000001c0bc166000 GCTaskThread "GC Thread#2" [stack: 0x000000990a800000,0x000000990a900000] [id=74416]
  0x000001c0bc16d000 GCTaskThread "GC Thread#3" [stack: 0x000000990a900000,0x000000990aa00000] [id=45736]
  0x000001c0bc16e000 GCTaskThread "GC Thread#4" [stack: 0x000000990aa00000,0x000000990ab00000] [id=47844]
  0x000001c0bc16f800 GCTaskThread "GC Thread#5" [stack: 0x000000990ab00000,0x000000990ac00000] [id=55932]
  0x000001c0bd808000 GCTaskThread "GC Thread#6" [stack: 0x000000990ba00000,0x000000990bb00000] [id=9556]
  0x000001c0bd72f800 GCTaskThread "GC Thread#7" [stack: 0x000000990bb00000,0x000000990bc00000] [id=14280]
  0x000001c0bd8ff000 GCTaskThread "GC Thread#8" [stack: 0x000000990bc00000,0x000000990bd00000] [id=24564]
  0x000001c0bd728000 GCTaskThread "GC Thread#9" [stack: 0x000000990bd00000,0x000000990be00000] [id=41284]
  0x000001c0bd728800 GCTaskThread "GC Thread#10" [stack: 0x000000990be00000,0x000000990bf00000] [id=38164]
  0x000001c0bd69a800 GCTaskThread "GC Thread#11" [stack: 0x000000990bf00000,0x000000990c000000] [id=26296]
  0x000001c0bd6a3000 GCTaskThread "GC Thread#12" [stack: 0x000000990c000000,0x000000990c100000] [id=33932]
  0x000001c09fc5b800 ConcurrentGCThread "G1 Main Marker" [stack: 0x0000009909700000,0x0000009909800000] [id=34872]
  0x000001c09fc5c800 ConcurrentGCThread "G1 Conc#0" [stack: 0x0000009909800000,0x0000009909900000] [id=71840]
  0x000001c0bcfb6800 ConcurrentGCThread "G1 Conc#1" [stack: 0x000000990c100000,0x000000990c200000] [id=31728]
  0x000001c0bc17e800 ConcurrentGCThread "G1 Conc#2" [stack: 0x000000990c200000,0x000000990c300000] [id=51908]
  0x000001c09fcee000 ConcurrentGCThread "G1 Refine#0" [stack: 0x0000009909900000,0x0000009909a00000] [id=39436]
  0x000001c0baac9800 ConcurrentGCThread "G1 Young RemSet Sampling" [stack: 0x0000009909a00000,0x0000009909b00000] [id=48520]

Threads with active compile tasks:
C2 CompilerThread0   2593 2460   !   4       java.net.URLClassLoader$1::run (63 bytes)

VM state:not at safepoint (normal execution)

VM Mutex/Monitor currently owned by a thread: None

Heap address: 0x0000000080000000, size: 2048 MB, Compressed Oops mode: 32-bit
Narrow klass base: 0x0000000000000000, Narrow klass shift: 3
Compressed class space size: 1073741824 Address: 0x0000000100000000

Heap:
 garbage-first heap   total 258048K, used 62401K [0x0000000080000000, 0x0000000100000000)
  region size 1024K, 46 young (47104K), 3 survivors (3072K)
 Metaspace       used 29338K, capacity 30029K, committed 30256K, reserved 1075200K
  class space    used 3905K, capacity 4134K, committed 4224K, reserved 1048576K
Heap Regions: E=young(eden), S=young(survivor), O=old, HS=humongous(starts), HC=humongous(continues), CS=collection set, F=free, A=archive, TAMS=top-at-mark-start (previous, next)
|   0|0x0000000080000000, 0x0000000080100000, 0x0000000080100000|100%| O|  |TAMS 0x0000000080000000, 0x0000000080000000| Untracked 
|   1|0x0000000080100000, 0x0000000080200000, 0x0000000080200000|100%| O|  |TAMS 0x0000000080100000, 0x0000000080100000| Untracked 
|   2|0x0000000080200000, 0x0000000080300000, 0x0000000080300000|100%| O|  |TAMS 0x0000000080200000, 0x0000000080200000| Untracked 
|   3|0x0000000080300000, 0x0000000080400000, 0x0000000080400000|100%|HS|  |TAMS 0x0000000080400000, 0x0000000080300000| Complete 
|   4|0x0000000080400000, 0x0000000080500000, 0x0000000080500000|100%|HC|  |TAMS 0x0000000080500000, 0x0000000080400000| Complete 
|   5|0x0000000080500000, 0x0000000080600000, 0x0000000080600000|100%|HC|  |TAMS 0x0000000080600000, 0x0000000080500000| Complete 
|   6|0x0000000080600000, 0x0000000080700000, 0x0000000080700000|100%| O|  |TAMS 0x0000000080700000, 0x0000000080600000| Untracked 
|   7|0x0000000080700000, 0x0000000080800000, 0x0000000080800000|100%| O|  |TAMS 0x0000000080800000, 0x0000000080700000| Untracked 
|   8|0x0000000080800000, 0x0000000080900000, 0x0000000080900000|100%| O|  |TAMS 0x0000000080900000, 0x0000000080800000| Untracked 
|   9|0x0000000080900000, 0x0000000080a00000, 0x0000000080a00000|100%| O|  |TAMS 0x0000000080973000, 0x0000000080900000| Untracked 
|  10|0x0000000080a00000, 0x0000000080b00000, 0x0000000080b00000|100%| O|  |TAMS 0x0000000080a00000, 0x0000000080a00000| Untracked 
|  11|0x0000000080b00000, 0x0000000080c00000, 0x0000000080c00000|100%| O|  |TAMS 0x0000000080b00000, 0x0000000080b00000| Untracked 
|  12|0x0000000080c00000, 0x0000000080d00000, 0x0000000080d00000|100%| O|  |TAMS 0x0000000080c00000, 0x0000000080c00000| Untracked 
|  13|0x0000000080d00000, 0x0000000080e00000, 0x0000000080e00000|100%| O|  |TAMS 0x0000000080d00000, 0x0000000080d00000| Untracked 
|  14|0x0000000080e00000, 0x0000000080f00000, 0x0000000080f00000|100%| O|  |TAMS 0x0000000080e00000, 0x0000000080e00000| Untracked 
|  15|0x0000000080f00000, 0x0000000081000000, 0x0000000081000000|100%| O|  |TAMS 0x0000000080f00000, 0x0000000080f00000| Untracked 
|  16|0x0000000081000000, 0x00000000810bd200, 0x0000000081100000| 73%| O|  |TAMS 0x0000000081000000, 0x0000000081000000| Untracked 
|  17|0x0000000081100000, 0x0000000081100000, 0x0000000081200000|  0%| F|  |TAMS 0x0000000081100000, 0x0000000081100000| Untracked 
|  18|0x0000000081200000, 0x0000000081200000, 0x0000000081300000|  0%| F|  |TAMS 0x0000000081200000, 0x0000000081200000| Untracked 
|  19|0x0000000081300000, 0x0000000081300000, 0x0000000081400000|  0%| F|  |TAMS 0x0000000081300000, 0x0000000081300000| Untracked 
|  20|0x0000000081400000, 0x0000000081400000, 0x0000000081500000|  0%| F|  |TAMS 0x0000000081400000, 0x0000000081400000| Untracked 
|  21|0x0000000081500000, 0x0000000081500000, 0x0000000081600000|  0%| F|  |TAMS 0x0000000081500000, 0x0000000081500000| Untracked 
|  22|0x0000000081600000, 0x0000000081600000, 0x0000000081700000|  0%| F|  |TAMS 0x0000000081600000, 0x0000000081600000| Untracked 
|  23|0x0000000081700000, 0x0000000081700000, 0x0000000081800000|  0%| F|  |TAMS 0x0000000081700000, 0x0000000081700000| Untracked 
|  24|0x0000000081800000, 0x0000000081800000, 0x0000000081900000|  0%| F|  |TAMS 0x0000000081800000, 0x0000000081800000| Untracked 
|  25|0x0000000081900000, 0x0000000081900000, 0x0000000081a00000|  0%| F|  |TAMS 0x0000000081900000, 0x0000000081900000| Untracked 
|  26|0x0000000081a00000, 0x0000000081a00000, 0x0000000081b00000|  0%| F|  |TAMS 0x0000000081a00000, 0x0000000081a00000| Untracked 
|  27|0x0000000081b00000, 0x0000000081b00000, 0x0000000081c00000|  0%| F|  |TAMS 0x0000000081b00000, 0x0000000081b00000| Untracked 
|  28|0x0000000081c00000, 0x0000000081c00000, 0x0000000081d00000|  0%| F|  |TAMS 0x0000000081c00000, 0x0000000081c00000| Untracked 
|  29|0x0000000081d00000, 0x0000000081d00000, 0x0000000081e00000|  0%| F|  |TAMS 0x0000000081d00000, 0x0000000081d00000| Untracked 
|  30|0x0000000081e00000, 0x0000000081e00000, 0x0000000081f00000|  0%| F|  |TAMS 0x0000000081e00000, 0x0000000081e00000| Untracked 
|  31|0x0000000081f00000, 0x0000000081f00000, 0x0000000082000000|  0%| F|  |TAMS 0x0000000081f00000, 0x0000000081f00000| Untracked 
|  32|0x0000000082000000, 0x0000000082000000, 0x0000000082100000|  0%| F|  |TAMS 0x0000000082000000, 0x0000000082000000| Untracked 
|  33|0x0000000082100000, 0x0000000082100000, 0x0000000082200000|  0%| F|  |TAMS 0x0000000082100000, 0x0000000082100000| Untracked 
|  34|0x0000000082200000, 0x0000000082200000, 0x0000000082300000|  0%| F|  |TAMS 0x0000000082200000, 0x0000000082200000| Untracked 
|  35|0x0000000082300000, 0x0000000082300000, 0x0000000082400000|  0%| F|  |TAMS 0x0000000082300000, 0x0000000082300000| Untracked 
|  36|0x0000000082400000, 0x0000000082400000, 0x0000000082500000|  0%| F|  |TAMS 0x0000000082400000, 0x0000000082400000| Untracked 
|  37|0x0000000082500000, 0x0000000082500000, 0x0000000082600000|  0%| F|  |TAMS 0x0000000082500000, 0x0000000082500000| Untracked 
|  38|0x0000000082600000, 0x0000000082600000, 0x0000000082700000|  0%| F|  |TAMS 0x0000000082600000, 0x0000000082600000| Untracked 
|  39|0x0000000082700000, 0x0000000082700000, 0x0000000082800000|  0%| F|  |TAMS 0x0000000082700000, 0x0000000082700000| Untracked 
|  40|0x0000000082800000, 0x0000000082800000, 0x0000000082900000|  0%| F|  |TAMS 0x0000000082800000, 0x0000000082800000| Untracked 
|  41|0x0000000082900000, 0x0000000082900000, 0x0000000082a00000|  0%| F|  |TAMS 0x0000000082900000, 0x0000000082900000| Untracked 
|  42|0x0000000082a00000, 0x0000000082a00000, 0x0000000082b00000|  0%| F|  |TAMS 0x0000000082a00000, 0x0000000082a00000| Untracked 
|  43|0x0000000082b00000, 0x0000000082b00000, 0x0000000082c00000|  0%| F|  |TAMS 0x0000000082b00000, 0x0000000082b00000| Untracked 
|  44|0x0000000082c00000, 0x0000000082c00000, 0x0000000082d00000|  0%| F|  |TAMS 0x0000000082c00000, 0x0000000082c00000| Untracked 
|  45|0x0000000082d00000, 0x0000000082d00000, 0x0000000082e00000|  0%| F|  |TAMS 0x0000000082d00000, 0x0000000082d00000| Untracked 
|  46|0x0000000082e00000, 0x0000000082e00000, 0x0000000082f00000|  0%| F|  |TAMS 0x0000000082e00000, 0x0000000082e00000| Untracked 
|  47|0x0000000082f00000, 0x0000000082f00000, 0x0000000083000000|  0%| F|  |TAMS 0x0000000082f00000, 0x0000000082f00000| Untracked 
|  48|0x0000000083000000, 0x0000000083000000, 0x0000000083100000|  0%| F|  |TAMS 0x0000000083000000, 0x0000000083000000| Untracked 
|  49|0x0000000083100000, 0x0000000083100000, 0x0000000083200000|  0%| F|  |TAMS 0x0000000083100000, 0x0000000083100000| Untracked 
|  50|0x0000000083200000, 0x0000000083200000, 0x0000000083300000|  0%| F|  |TAMS 0x0000000083200000, 0x0000000083200000| Untracked 
|  51|0x0000000083300000, 0x0000000083300000, 0x0000000083400000|  0%| F|  |TAMS 0x0000000083300000, 0x0000000083300000| Untracked 
|  52|0x0000000083400000, 0x0000000083400000, 0x0000000083500000|  0%| F|  |TAMS 0x0000000083400000, 0x0000000083400000| Untracked 
|  53|0x0000000083500000, 0x0000000083500000, 0x0000000083600000|  0%| F|  |TAMS 0x0000000083500000, 0x0000000083500000| Untracked 
|  54|0x0000000083600000, 0x0000000083600000, 0x0000000083700000|  0%| F|  |TAMS 0x0000000083600000, 0x0000000083600000| Untracked 
|  55|0x0000000083700000, 0x0000000083700000, 0x0000000083800000|  0%| F|  |TAMS 0x0000000083700000, 0x0000000083700000| Untracked 
|  56|0x0000000083800000, 0x0000000083800000, 0x0000000083900000|  0%| F|  |TAMS 0x0000000083800000, 0x0000000083800000| Untracked 
|  57|0x0000000083900000, 0x0000000083900000, 0x0000000083a00000|  0%| F|  |TAMS 0x0000000083900000, 0x0000000083900000| Untracked 
|  58|0x0000000083a00000, 0x0000000083a00000, 0x0000000083b00000|  0%| F|  |TAMS 0x0000000083a00000, 0x0000000083a00000| Untracked 
|  59|0x0000000083b00000, 0x0000000083b00000, 0x0000000083c00000|  0%| F|  |TAMS 0x0000000083b00000, 0x0000000083b00000| Untracked 
|  60|0x0000000083c00000, 0x0000000083c00000, 0x0000000083d00000|  0%| F|  |TAMS 0x0000000083c00000, 0x0000000083c00000| Untracked 
|  61|0x0000000083d00000, 0x0000000083d00000, 0x0000000083e00000|  0%| F|  |TAMS 0x0000000083d00000, 0x0000000083d00000| Untracked 
|  62|0x0000000083e00000, 0x0000000083e00000, 0x0000000083f00000|  0%| F|  |TAMS 0x0000000083e00000, 0x0000000083e00000| Untracked 
|  63|0x0000000083f00000, 0x0000000083f00000, 0x0000000084000000|  0%| F|  |TAMS 0x0000000083f00000, 0x0000000083f00000| Untracked 
|  64|0x0000000084000000, 0x0000000084000000, 0x0000000084100000|  0%| F|  |TAMS 0x0000000084000000, 0x0000000084000000| Untracked 
|  65|0x0000000084100000, 0x0000000084100000, 0x0000000084200000|  0%| F|  |TAMS 0x0000000084100000, 0x0000000084100000| Untracked 
|  66|0x0000000084200000, 0x0000000084200000, 0x0000000084300000|  0%| F|  |TAMS 0x0000000084200000, 0x0000000084200000| Untracked 
|  67|0x0000000084300000, 0x0000000084300000, 0x0000000084400000|  0%| F|  |TAMS 0x0000000084300000, 0x0000000084300000| Untracked 
|  68|0x0000000084400000, 0x0000000084400000, 0x0000000084500000|  0%| F|  |TAMS 0x0000000084400000, 0x0000000084400000| Untracked 
|  69|0x0000000084500000, 0x0000000084500000, 0x0000000084600000|  0%| F|  |TAMS 0x0000000084500000, 0x0000000084500000| Untracked 
|  70|0x0000000084600000, 0x0000000084600000, 0x0000000084700000|  0%| F|  |TAMS 0x0000000084600000, 0x0000000084600000| Untracked 
|  71|0x0000000084700000, 0x0000000084700000, 0x0000000084800000|  0%| F|  |TAMS 0x0000000084700000, 0x0000000084700000| Untracked 
|  72|0x0000000084800000, 0x0000000084800000, 0x0000000084900000|  0%| F|  |TAMS 0x0000000084800000, 0x0000000084800000| Untracked 
|  73|0x0000000084900000, 0x0000000084900000, 0x0000000084a00000|  0%| F|  |TAMS 0x0000000084900000, 0x0000000084900000| Untracked 
|  74|0x0000000084a00000, 0x0000000084a00000, 0x0000000084b00000|  0%| F|  |TAMS 0x0000000084a00000, 0x0000000084a00000| Untracked 
|  75|0x0000000084b00000, 0x0000000084b00000, 0x0000000084c00000|  0%| F|  |TAMS 0x0000000084b00000, 0x0000000084b00000| Untracked 
|  76|0x0000000084c00000, 0x0000000084c00000, 0x0000000084d00000|  0%| F|  |TAMS 0x0000000084c00000, 0x0000000084c00000| Untracked 
|  77|0x0000000084d00000, 0x0000000084d00000, 0x0000000084e00000|  0%| F|  |TAMS 0x0000000084d00000, 0x0000000084d00000| Untracked 
|  78|0x0000000084e00000, 0x0000000084e00000, 0x0000000084f00000|  0%| F|  |TAMS 0x0000000084e00000, 0x0000000084e00000| Untracked 
|  79|0x0000000084f00000, 0x0000000084f00000, 0x0000000085000000|  0%| F|  |TAMS 0x0000000084f00000, 0x0000000084f00000| Untracked 
|  80|0x0000000085000000, 0x0000000085000000, 0x0000000085100000|  0%| F|  |TAMS 0x0000000085000000, 0x0000000085000000| Untracked 
|  81|0x0000000085100000, 0x0000000085100000, 0x0000000085200000|  0%| F|  |TAMS 0x0000000085100000, 0x0000000085100000| Untracked 
|  82|0x0000000085200000, 0x0000000085200000, 0x0000000085300000|  0%| F|  |TAMS 0x0000000085200000, 0x0000000085200000| Untracked 
|  83|0x0000000085300000, 0x0000000085300000, 0x0000000085400000|  0%| F|  |TAMS 0x0000000085300000, 0x0000000085300000| Untracked 
|  84|0x0000000085400000, 0x0000000085400000, 0x0000000085500000|  0%| F|  |TAMS 0x0000000085400000, 0x0000000085400000| Untracked 
|  85|0x0000000085500000, 0x0000000085500000, 0x0000000085600000|  0%| F|  |TAMS 0x0000000085500000, 0x0000000085500000| Untracked 
|  86|0x0000000085600000, 0x0000000085600000, 0x0000000085700000|  0%| F|  |TAMS 0x0000000085600000, 0x0000000085600000| Untracked 
|  87|0x0000000085700000, 0x0000000085700000, 0x0000000085800000|  0%| F|  |TAMS 0x0000000085700000, 0x0000000085700000| Untracked 
|  88|0x0000000085800000, 0x0000000085800000, 0x0000000085900000|  0%| F|  |TAMS 0x0000000085800000, 0x0000000085800000| Untracked 
|  89|0x0000000085900000, 0x0000000085900000, 0x0000000085a00000|  0%| F|  |TAMS 0x0000000085900000, 0x0000000085900000| Untracked 
|  90|0x0000000085a00000, 0x0000000085a00000, 0x0000000085b00000|  0%| F|  |TAMS 0x0000000085a00000, 0x0000000085a00000| Untracked 
|  91|0x0000000085b00000, 0x0000000085b00000, 0x0000000085c00000|  0%| F|  |TAMS 0x0000000085b00000, 0x0000000085b00000| Untracked 
|  92|0x0000000085c00000, 0x0000000085c00000, 0x0000000085d00000|  0%| F|  |TAMS 0x0000000085c00000, 0x0000000085c00000| Untracked 
|  93|0x0000000085d00000, 0x0000000085d00000, 0x0000000085e00000|  0%| F|  |TAMS 0x0000000085d00000, 0x0000000085d00000| Untracked 
|  94|0x0000000085e00000, 0x0000000085e00000, 0x0000000085f00000|  0%| F|  |TAMS 0x0000000085e00000, 0x0000000085e00000| Untracked 
|  95|0x0000000085f00000, 0x0000000085f00000, 0x0000000086000000|  0%| F|  |TAMS 0x0000000085f00000, 0x0000000085f00000| Untracked 
|  96|0x0000000086000000, 0x0000000086000000, 0x0000000086100000|  0%| F|  |TAMS 0x0000000086000000, 0x0000000086000000| Untracked 
|  97|0x0000000086100000, 0x0000000086100000, 0x0000000086200000|  0%| F|  |TAMS 0x0000000086100000, 0x0000000086100000| Untracked 
|  98|0x0000000086200000, 0x0000000086200000, 0x0000000086300000|  0%| F|  |TAMS 0x0000000086200000, 0x0000000086200000| Untracked 
|  99|0x0000000086300000, 0x0000000086300000, 0x0000000086400000|  0%| F|  |TAMS 0x0000000086300000, 0x0000000086300000| Untracked 
| 100|0x0000000086400000, 0x0000000086400000, 0x0000000086500000|  0%| F|  |TAMS 0x0000000086400000, 0x0000000086400000| Untracked 
| 101|0x0000000086500000, 0x0000000086500000, 0x0000000086600000|  0%| F|  |TAMS 0x0000000086500000, 0x0000000086500000| Untracked 
| 102|0x0000000086600000, 0x0000000086600000, 0x0000000086700000|  0%| F|  |TAMS 0x0000000086600000, 0x0000000086600000| Untracked 
| 103|0x0000000086700000, 0x0000000086700000, 0x0000000086800000|  0%| F|  |TAMS 0x0000000086700000, 0x0000000086700000| Untracked 
| 104|0x0000000086800000, 0x0000000086800000, 0x0000000086900000|  0%| F|  |TAMS 0x0000000086800000, 0x0000000086800000| Untracked 
| 105|0x0000000086900000, 0x0000000086900000, 0x0000000086a00000|  0%| F|  |TAMS 0x0000000086900000, 0x0000000086900000| Untracked 
| 106|0x0000000086a00000, 0x0000000086a00000, 0x0000000086b00000|  0%| F|  |TAMS 0x0000000086a00000, 0x0000000086a00000| Untracked 
| 107|0x0000000086b00000, 0x0000000086b00000, 0x0000000086c00000|  0%| F|  |TAMS 0x0000000086b00000, 0x0000000086b00000| Untracked 
| 108|0x0000000086c00000, 0x0000000086c00000, 0x0000000086d00000|  0%| F|  |TAMS 0x0000000086c00000, 0x0000000086c00000| Untracked 
| 109|0x0000000086d00000, 0x0000000086d00000, 0x0000000086e00000|  0%| F|  |TAMS 0x0000000086d00000, 0x0000000086d00000| Untracked 
| 110|0x0000000086e00000, 0x0000000086e00000, 0x0000000086f00000|  0%| F|  |TAMS 0x0000000086e00000, 0x0000000086e00000| Untracked 
| 111|0x0000000086f00000, 0x0000000086f00000, 0x0000000087000000|  0%| F|  |TAMS 0x0000000086f00000, 0x0000000086f00000| Untracked 
| 112|0x0000000087000000, 0x0000000087000000, 0x0000000087100000|  0%| F|  |TAMS 0x0000000087000000, 0x0000000087000000| Untracked 
| 113|0x0000000087100000, 0x0000000087100000, 0x0000000087200000|  0%| F|  |TAMS 0x0000000087100000, 0x0000000087100000| Untracked 
| 114|0x0000000087200000, 0x0000000087200000, 0x0000000087300000|  0%| F|  |TAMS 0x0000000087200000, 0x0000000087200000| Untracked 
| 115|0x0000000087300000, 0x0000000087300000, 0x0000000087400000|  0%| F|  |TAMS 0x0000000087300000, 0x0000000087300000| Untracked 
| 116|0x0000000087400000, 0x0000000087400000, 0x0000000087500000|  0%| F|  |TAMS 0x0000000087400000, 0x0000000087400000| Untracked 
| 117|0x0000000087500000, 0x0000000087500000, 0x0000000087600000|  0%| F|  |TAMS 0x0000000087500000, 0x0000000087500000| Untracked 
| 118|0x0000000087600000, 0x0000000087600000, 0x0000000087700000|  0%| F|  |TAMS 0x0000000087600000, 0x0000000087600000| Untracked 
| 119|0x0000000087700000, 0x0000000087700000, 0x0000000087800000|  0%| F|  |TAMS 0x0000000087700000, 0x0000000087700000| Untracked 
| 120|0x0000000087800000, 0x0000000087800000, 0x0000000087900000|  0%| F|  |TAMS 0x0000000087800000, 0x0000000087800000| Untracked 
| 121|0x0000000087900000, 0x0000000087900000, 0x0000000087a00000|  0%| F|  |TAMS 0x0000000087900000, 0x0000000087900000| Untracked 
| 122|0x0000000087a00000, 0x0000000087a00000, 0x0000000087b00000|  0%| F|  |TAMS 0x0000000087a00000, 0x0000000087a00000| Untracked 
| 123|0x0000000087b00000, 0x0000000087b00000, 0x0000000087c00000|  0%| F|  |TAMS 0x0000000087b00000, 0x0000000087b00000| Untracked 
| 124|0x0000000087c00000, 0x0000000087c00000, 0x0000000087d00000|  0%| F|  |TAMS 0x0000000087c00000, 0x0000000087c00000| Untracked 
| 125|0x0000000087d00000, 0x0000000087d00000, 0x0000000087e00000|  0%| F|  |TAMS 0x0000000087d00000, 0x0000000087d00000| Untracked 
| 126|0x0000000087e00000, 0x0000000087e00000, 0x0000000087f00000|  0%| F|  |TAMS 0x0000000087e00000, 0x0000000087e00000| Untracked 
| 127|0x0000000087f00000, 0x0000000087f00000, 0x0000000088000000|  0%| F|  |TAMS 0x0000000087f00000, 0x0000000087f00000| Untracked 
| 128|0x0000000088000000, 0x0000000088000000, 0x0000000088100000|  0%| F|  |TAMS 0x0000000088000000, 0x0000000088000000| Untracked 
| 129|0x0000000088100000, 0x0000000088100000, 0x0000000088200000|  0%| F|  |TAMS 0x0000000088100000, 0x0000000088100000| Untracked 
| 130|0x0000000088200000, 0x0000000088200000, 0x0000000088300000|  0%| F|  |TAMS 0x0000000088200000, 0x0000000088200000| Untracked 
| 131|0x0000000088300000, 0x0000000088300000, 0x0000000088400000|  0%| F|  |TAMS 0x0000000088300000, 0x0000000088300000| Untracked 
| 132|0x0000000088400000, 0x0000000088400000, 0x0000000088500000|  0%| F|  |TAMS 0x0000000088400000, 0x0000000088400000| Untracked 
| 133|0x0000000088500000, 0x0000000088500000, 0x0000000088600000|  0%| F|  |TAMS 0x0000000088500000, 0x0000000088500000| Untracked 
| 134|0x0000000088600000, 0x0000000088600000, 0x0000000088700000|  0%| F|  |TAMS 0x0000000088600000, 0x0000000088600000| Untracked 
| 135|0x0000000088700000, 0x0000000088700000, 0x0000000088800000|  0%| F|  |TAMS 0x0000000088700000, 0x0000000088700000| Untracked 
| 136|0x0000000088800000, 0x0000000088800000, 0x0000000088900000|  0%| F|  |TAMS 0x0000000088800000, 0x0000000088800000| Untracked 
| 137|0x0000000088900000, 0x0000000088900000, 0x0000000088a00000|  0%| F|  |TAMS 0x0000000088900000, 0x0000000088900000| Untracked 
| 138|0x0000000088a00000, 0x0000000088a00000, 0x0000000088b00000|  0%| F|  |TAMS 0x0000000088a00000, 0x0000000088a00000| Untracked 
| 139|0x0000000088b00000, 0x0000000088b00000, 0x0000000088c00000|  0%| F|  |TAMS 0x0000000088b00000, 0x0000000088b00000| Untracked 
| 140|0x0000000088c00000, 0x0000000088c00000, 0x0000000088d00000|  0%| F|  |TAMS 0x0000000088c00000, 0x0000000088c00000| Untracked 
| 141|0x0000000088d00000, 0x0000000088d00000, 0x0000000088e00000|  0%| F|  |TAMS 0x0000000088d00000, 0x0000000088d00000| Untracked 
| 142|0x0000000088e00000, 0x0000000088e00000, 0x0000000088f00000|  0%| F|  |TAMS 0x0000000088e00000, 0x0000000088e00000| Untracked 
| 143|0x0000000088f00000, 0x0000000088f00000, 0x0000000089000000|  0%| F|  |TAMS 0x0000000088f00000, 0x0000000088f00000| Untracked 
| 144|0x0000000089000000, 0x0000000089000000, 0x0000000089100000|  0%| F|  |TAMS 0x0000000089000000, 0x0000000089000000| Untracked 
| 145|0x0000000089100000, 0x0000000089100000, 0x0000000089200000|  0%| F|  |TAMS 0x0000000089100000, 0x0000000089100000| Untracked 
| 146|0x0000000089200000, 0x0000000089200000, 0x0000000089300000|  0%| F|  |TAMS 0x0000000089200000, 0x0000000089200000| Untracked 
| 147|0x0000000089300000, 0x0000000089300000, 0x0000000089400000|  0%| F|  |TAMS 0x0000000089300000, 0x0000000089300000| Untracked 
| 148|0x0000000089400000, 0x0000000089400000, 0x0000000089500000|  0%| F|  |TAMS 0x0000000089400000, 0x0000000089400000| Untracked 
| 149|0x0000000089500000, 0x0000000089500000, 0x0000000089600000|  0%| F|  |TAMS 0x0000000089500000, 0x0000000089500000| Untracked 
| 150|0x0000000089600000, 0x0000000089600000, 0x0000000089700000|  0%| F|  |TAMS 0x0000000089600000, 0x0000000089600000| Untracked 
| 151|0x0000000089700000, 0x0000000089700000, 0x0000000089800000|  0%| F|  |TAMS 0x0000000089700000, 0x0000000089700000| Untracked 
| 152|0x0000000089800000, 0x0000000089800000, 0x0000000089900000|  0%| F|  |TAMS 0x0000000089800000, 0x0000000089800000| Untracked 
| 153|0x0000000089900000, 0x0000000089900000, 0x0000000089a00000|  0%| F|  |TAMS 0x0000000089900000, 0x0000000089900000| Untracked 
| 154|0x0000000089a00000, 0x0000000089a00000, 0x0000000089b00000|  0%| F|  |TAMS 0x0000000089a00000, 0x0000000089a00000| Untracked 
| 155|0x0000000089b00000, 0x0000000089b00000, 0x0000000089c00000|  0%| F|  |TAMS 0x0000000089b00000, 0x0000000089b00000| Untracked 
| 156|0x0000000089c00000, 0x0000000089c00000, 0x0000000089d00000|  0%| F|  |TAMS 0x0000000089c00000, 0x0000000089c00000| Untracked 
| 157|0x0000000089d00000, 0x0000000089d00000, 0x0000000089e00000|  0%| F|  |TAMS 0x0000000089d00000, 0x0000000089d00000| Untracked 
| 158|0x0000000089e00000, 0x0000000089e00000, 0x0000000089f00000|  0%| F|  |TAMS 0x0000000089e00000, 0x0000000089e00000| Untracked 
| 159|0x0000000089f00000, 0x0000000089f00000, 0x000000008a000000|  0%| F|  |TAMS 0x0000000089f00000, 0x0000000089f00000| Untracked 
| 160|0x000000008a000000, 0x000000008a000000, 0x000000008a100000|  0%| F|  |TAMS 0x000000008a000000, 0x000000008a000000| Untracked 
| 161|0x000000008a100000, 0x000000008a100000, 0x000000008a200000|  0%| F|  |TAMS 0x000000008a100000, 0x000000008a100000| Untracked 
| 162|0x000000008a200000, 0x000000008a200000, 0x000000008a300000|  0%| F|  |TAMS 0x000000008a200000, 0x000000008a200000| Untracked 
| 163|0x000000008a300000, 0x000000008a300000, 0x000000008a400000|  0%| F|  |TAMS 0x000000008a300000, 0x000000008a300000| Untracked 
| 164|0x000000008a400000, 0x000000008a400000, 0x000000008a500000|  0%| F|  |TAMS 0x000000008a400000, 0x000000008a400000| Untracked 
| 165|0x000000008a500000, 0x000000008a500000, 0x000000008a600000|  0%| F|  |TAMS 0x000000008a500000, 0x000000008a500000| Untracked 
| 166|0x000000008a600000, 0x000000008a600000, 0x000000008a700000|  0%| F|  |TAMS 0x000000008a600000, 0x000000008a600000| Untracked 
| 167|0x000000008a700000, 0x000000008a700000, 0x000000008a800000|  0%| F|  |TAMS 0x000000008a700000, 0x000000008a700000| Untracked 
| 168|0x000000008a800000, 0x000000008a800000, 0x000000008a900000|  0%| F|  |TAMS 0x000000008a800000, 0x000000008a800000| Untracked 
| 169|0x000000008a900000, 0x000000008a900000, 0x000000008aa00000|  0%| F|  |TAMS 0x000000008a900000, 0x000000008a900000| Untracked 
| 170|0x000000008aa00000, 0x000000008aa00000, 0x000000008ab00000|  0%| F|  |TAMS 0x000000008aa00000, 0x000000008aa00000| Untracked 
| 171|0x000000008ab00000, 0x000000008ab00000, 0x000000008ac00000|  0%| F|  |TAMS 0x000000008ab00000, 0x000000008ab00000| Untracked 
| 172|0x000000008ac00000, 0x000000008ac00000, 0x000000008ad00000|  0%| F|  |TAMS 0x000000008ac00000, 0x000000008ac00000| Untracked 
| 173|0x000000008ad00000, 0x000000008ad00000, 0x000000008ae00000|  0%| F|  |TAMS 0x000000008ad00000, 0x000000008ad00000| Untracked 
| 174|0x000000008ae00000, 0x000000008ae00000, 0x000000008af00000|  0%| F|  |TAMS 0x000000008ae00000, 0x000000008ae00000| Untracked 
| 175|0x000000008af00000, 0x000000008af00000, 0x000000008b000000|  0%| F|  |TAMS 0x000000008af00000, 0x000000008af00000| Untracked 
| 176|0x000000008b000000, 0x000000008b000000, 0x000000008b100000|  0%| F|  |TAMS 0x000000008b000000, 0x000000008b000000| Untracked 
| 177|0x000000008b100000, 0x000000008b100000, 0x000000008b200000|  0%| F|  |TAMS 0x000000008b100000, 0x000000008b100000| Untracked 
| 178|0x000000008b200000, 0x000000008b200000, 0x000000008b300000|  0%| F|  |TAMS 0x000000008b200000, 0x000000008b200000| Untracked 
| 179|0x000000008b300000, 0x000000008b300000, 0x000000008b400000|  0%| F|  |TAMS 0x000000008b300000, 0x000000008b300000| Untracked 
| 180|0x000000008b400000, 0x000000008b400000, 0x000000008b500000|  0%| F|  |TAMS 0x000000008b400000, 0x000000008b400000| Untracked 
| 181|0x000000008b500000, 0x000000008b500000, 0x000000008b600000|  0%| F|  |TAMS 0x000000008b500000, 0x000000008b500000| Untracked 
| 182|0x000000008b600000, 0x000000008b600000, 0x000000008b700000|  0%| F|  |TAMS 0x000000008b600000, 0x000000008b600000| Untracked 
| 183|0x000000008b700000, 0x000000008b700000, 0x000000008b800000|  0%| F|  |TAMS 0x000000008b700000, 0x000000008b700000| Untracked 
| 184|0x000000008b800000, 0x000000008b800000, 0x000000008b900000|  0%| F|  |TAMS 0x000000008b800000, 0x000000008b800000| Untracked 
| 185|0x000000008b900000, 0x000000008b900000, 0x000000008ba00000|  0%| F|  |TAMS 0x000000008b900000, 0x000000008b900000| Untracked 
| 186|0x000000008ba00000, 0x000000008ba00000, 0x000000008bb00000|  0%| F|  |TAMS 0x000000008ba00000, 0x000000008ba00000| Untracked 
| 187|0x000000008bb00000, 0x000000008bb00000, 0x000000008bc00000|  0%| F|  |TAMS 0x000000008bb00000, 0x000000008bb00000| Untracked 
| 188|0x000000008bc00000, 0x000000008bc00000, 0x000000008bd00000|  0%| F|  |TAMS 0x000000008bc00000, 0x000000008bc00000| Untracked 
| 189|0x000000008bd00000, 0x000000008bd00000, 0x000000008be00000|  0%| F|  |TAMS 0x000000008bd00000, 0x000000008bd00000| Untracked 
| 190|0x000000008be00000, 0x000000008be00000, 0x000000008bf00000|  0%| F|  |TAMS 0x000000008be00000, 0x000000008be00000| Untracked 
| 191|0x000000008bf00000, 0x000000008bf00000, 0x000000008c000000|  0%| F|  |TAMS 0x000000008bf00000, 0x000000008bf00000| Untracked 
| 192|0x000000008c000000, 0x000000008c000000, 0x000000008c100000|  0%| F|  |TAMS 0x000000008c000000, 0x000000008c000000| Untracked 
| 193|0x000000008c100000, 0x000000008c100000, 0x000000008c200000|  0%| F|  |TAMS 0x000000008c100000, 0x000000008c100000| Untracked 
| 194|0x000000008c200000, 0x000000008c200000, 0x000000008c300000|  0%| F|  |TAMS 0x000000008c200000, 0x000000008c200000| Untracked 
| 195|0x000000008c300000, 0x000000008c300000, 0x000000008c400000|  0%| F|  |TAMS 0x000000008c300000, 0x000000008c300000| Untracked 
| 196|0x000000008c400000, 0x000000008c400000, 0x000000008c500000|  0%| F|  |TAMS 0x000000008c400000, 0x000000008c400000| Untracked 
| 197|0x000000008c500000, 0x000000008c500000, 0x000000008c600000|  0%| F|  |TAMS 0x000000008c500000, 0x000000008c500000| Untracked 
| 198|0x000000008c600000, 0x000000008c600000, 0x000000008c700000|  0%| F|  |TAMS 0x000000008c600000, 0x000000008c600000| Untracked 
| 199|0x000000008c700000, 0x000000008c700000, 0x000000008c800000|  0%| F|  |TAMS 0x000000008c700000, 0x000000008c700000| Untracked 
| 200|0x000000008c800000, 0x000000008c800000, 0x000000008c900000|  0%| F|  |TAMS 0x000000008c800000, 0x000000008c800000| Untracked 
| 201|0x000000008c900000, 0x000000008c900000, 0x000000008ca00000|  0%| F|  |TAMS 0x000000008c900000, 0x000000008c900000| Untracked 
| 202|0x000000008ca00000, 0x000000008ca00000, 0x000000008cb00000|  0%| F|  |TAMS 0x000000008ca00000, 0x000000008ca00000| Untracked 
| 203|0x000000008cb00000, 0x000000008cb00000, 0x000000008cc00000|  0%| F|  |TAMS 0x000000008cb00000, 0x000000008cb00000| Untracked 
| 204|0x000000008cc00000, 0x000000008cc00000, 0x000000008cd00000|  0%| F|  |TAMS 0x000000008cc00000, 0x000000008cc00000| Untracked 
| 205|0x000000008cd00000, 0x000000008cd33570, 0x000000008ce00000| 20%| S|CS|TAMS 0x000000008cd00000, 0x000000008cd00000| Complete 
| 206|0x000000008ce00000, 0x000000008cf00000, 0x000000008cf00000|100%| S|CS|TAMS 0x000000008ce00000, 0x000000008ce00000| Complete 
| 207|0x000000008cf00000, 0x000000008d000000, 0x000000008d000000|100%| S|CS|TAMS 0x000000008cf00000, 0x000000008cf00000| Complete 
| 208|0x000000008d000000, 0x000000008d080800, 0x000000008d100000| 50%| E|  |TAMS 0x000000008d000000, 0x000000008d000000| Complete 
| 209|0x000000008d100000, 0x000000008d200000, 0x000000008d200000|100%| E|CS|TAMS 0x000000008d100000, 0x000000008d100000| Complete 
| 210|0x000000008d200000, 0x000000008d300000, 0x000000008d300000|100%| E|CS|TAMS 0x000000008d200000, 0x000000008d200000| Complete 
| 211|0x000000008d300000, 0x000000008d400000, 0x000000008d400000|100%| E|CS|TAMS 0x000000008d300000, 0x000000008d300000| Complete 
| 212|0x000000008d400000, 0x000000008d500000, 0x000000008d500000|100%| E|CS|TAMS 0x000000008d400000, 0x000000008d400000| Complete 
| 213|0x000000008d500000, 0x000000008d600000, 0x000000008d600000|100%| E|CS|TAMS 0x000000008d500000, 0x000000008d500000| Complete 
| 214|0x000000008d600000, 0x000000008d700000, 0x000000008d700000|100%| E|CS|TAMS 0x000000008d600000, 0x000000008d600000| Complete 
| 215|0x000000008d700000, 0x000000008d800000, 0x000000008d800000|100%| E|CS|TAMS 0x000000008d700000, 0x000000008d700000| Complete 
| 216|0x000000008d800000, 0x000000008d900000, 0x000000008d900000|100%| E|CS|TAMS 0x000000008d800000, 0x000000008d800000| Complete 
| 217|0x000000008d900000, 0x000000008da00000, 0x000000008da00000|100%| E|CS|TAMS 0x000000008d900000, 0x000000008d900000| Complete 
| 218|0x000000008da00000, 0x000000008db00000, 0x000000008db00000|100%| E|CS|TAMS 0x000000008da00000, 0x000000008da00000| Complete 
| 219|0x000000008db00000, 0x000000008dc00000, 0x000000008dc00000|100%| E|CS|TAMS 0x000000008db00000, 0x000000008db00000| Complete 
| 220|0x000000008dc00000, 0x000000008dd00000, 0x000000008dd00000|100%| E|CS|TAMS 0x000000008dc00000, 0x000000008dc00000| Complete 
| 221|0x000000008dd00000, 0x000000008de00000, 0x000000008de00000|100%| E|CS|TAMS 0x000000008dd00000, 0x000000008dd00000| Complete 
| 222|0x000000008de00000, 0x000000008df00000, 0x000000008df00000|100%| E|CS|TAMS 0x000000008de00000, 0x000000008de00000| Complete 
| 223|0x000000008df00000, 0x000000008e000000, 0x000000008e000000|100%| E|CS|TAMS 0x000000008df00000, 0x000000008df00000| Complete 
| 224|0x000000008e000000, 0x000000008e100000, 0x000000008e100000|100%| E|CS|TAMS 0x000000008e000000, 0x000000008e000000| Complete 
| 225|0x000000008e100000, 0x000000008e200000, 0x000000008e200000|100%| E|CS|TAMS 0x000000008e100000, 0x000000008e100000| Complete 
| 226|0x000000008e200000, 0x000000008e300000, 0x000000008e300000|100%| E|CS|TAMS 0x000000008e200000, 0x000000008e200000| Complete 
| 227|0x000000008e300000, 0x000000008e400000, 0x000000008e400000|100%| E|CS|TAMS 0x000000008e300000, 0x000000008e300000| Complete 
| 228|0x000000008e400000, 0x000000008e500000, 0x000000008e500000|100%| E|CS|TAMS 0x000000008e400000, 0x000000008e400000| Complete 
| 229|0x000000008e500000, 0x000000008e600000, 0x000000008e600000|100%| E|CS|TAMS 0x000000008e500000, 0x000000008e500000| Complete 
| 230|0x000000008e600000, 0x000000008e700000, 0x000000008e700000|100%| E|CS|TAMS 0x000000008e600000, 0x000000008e600000| Complete 
| 231|0x000000008e700000, 0x000000008e800000, 0x000000008e800000|100%| E|CS|TAMS 0x000000008e700000, 0x000000008e700000| Complete 
| 232|0x000000008e800000, 0x000000008e900000, 0x000000008e900000|100%| E|CS|TAMS 0x000000008e800000, 0x000000008e800000| Complete 
| 233|0x000000008e900000, 0x000000008ea00000, 0x000000008ea00000|100%| E|CS|TAMS 0x000000008e900000, 0x000000008e900000| Complete 
| 234|0x000000008ea00000, 0x000000008eb00000, 0x000000008eb00000|100%| E|CS|TAMS 0x000000008ea00000, 0x000000008ea00000| Complete 
| 235|0x000000008eb00000, 0x000000008ec00000, 0x000000008ec00000|100%| E|CS|TAMS 0x000000008eb00000, 0x000000008eb00000| Complete 
| 236|0x000000008ec00000, 0x000000008ed00000, 0x000000008ed00000|100%| E|CS|TAMS 0x000000008ec00000, 0x000000008ec00000| Complete 
| 237|0x000000008ed00000, 0x000000008ee00000, 0x000000008ee00000|100%| E|CS|TAMS 0x000000008ed00000, 0x000000008ed00000| Complete 
| 238|0x000000008ee00000, 0x000000008ef00000, 0x000000008ef00000|100%| E|CS|TAMS 0x000000008ee00000, 0x000000008ee00000| Complete 
| 239|0x000000008ef00000, 0x000000008f000000, 0x000000008f000000|100%| E|CS|TAMS 0x000000008ef00000, 0x000000008ef00000| Complete 
| 240|0x000000008f000000, 0x000000008f100000, 0x000000008f100000|100%| E|CS|TAMS 0x000000008f000000, 0x000000008f000000| Complete 
| 241|0x000000008f100000, 0x000000008f200000, 0x000000008f200000|100%| E|CS|TAMS 0x000000008f100000, 0x000000008f100000| Complete 
| 242|0x000000008f200000, 0x000000008f300000, 0x000000008f300000|100%| E|CS|TAMS 0x000000008f200000, 0x000000008f200000| Complete 
| 243|0x000000008f300000, 0x000000008f400000, 0x000000008f400000|100%| E|CS|TAMS 0x000000008f300000, 0x000000008f300000| Complete 
| 244|0x000000008f400000, 0x000000008f500000, 0x000000008f500000|100%| E|CS|TAMS 0x000000008f400000, 0x000000008f400000| Complete 
| 245|0x000000008f500000, 0x000000008f600000, 0x000000008f600000|100%| E|CS|TAMS 0x000000008f500000, 0x000000008f500000| Complete 
| 246|0x000000008f600000, 0x000000008f700000, 0x000000008f700000|100%| E|CS|TAMS 0x000000008f600000, 0x000000008f600000| Complete 
| 247|0x000000008f700000, 0x000000008f800000, 0x000000008f800000|100%| E|CS|TAMS 0x000000008f700000, 0x000000008f700000| Complete 
| 248|0x000000008f800000, 0x000000008f900000, 0x000000008f900000|100%| E|CS|TAMS 0x000000008f800000, 0x000000008f800000| Complete 
| 249|0x000000008f900000, 0x000000008fa00000, 0x000000008fa00000|100%| E|CS|TAMS 0x000000008f900000, 0x000000008f900000| Complete 
| 250|0x000000008fa00000, 0x000000008fb00000, 0x000000008fb00000|100%| E|CS|TAMS 0x000000008fa00000, 0x000000008fa00000| Complete 
| 251|0x000000008fb00000, 0x000000008fc00000, 0x000000008fc00000|100%| E|CS|TAMS 0x000000008fb00000, 0x000000008fb00000| Complete 

Card table byte_map: [0x000001c0b3390000,0x000001c0b3790000] _byte_map_base: 0x000001c0b2f90000

Marking Bits (Prev, Next): (CMBitMap*) 0x000001c09fc52c70, (CMBitMap*) 0x000001c09fc52c38
 Prev Bits: [0x000001c0b5b90000, 0x000001c0b7b90000)
 Next Bits: [0x000001c0b3b90000, 0x000001c0b5b90000)

Polling page: 0x000001c09f3f0000

Metaspace:

Usage:
  Non-class:     25.36 MB capacity,    24.89 MB ( 98%) used,   417.01 KB (  2%) free+waste,    59.31 KB ( <1%) overhead. 
      Class:      4.07 MB capacity,     3.83 MB ( 94%) used,   220.88 KB (  5%) free+waste,    29.81 KB ( <1%) overhead. 
       Both:     29.43 MB capacity,    28.72 MB ( 98%) used,   637.88 KB (  2%) free+waste,    89.13 KB ( <1%) overhead. 

Virtual space:
  Non-class space:       26.00 MB reserved,      25.42 MB ( 98%) committed 
      Class space:        1.00 GB reserved,       4.13 MB ( <1%) committed 
             Both:        1.03 GB reserved,      29.55 MB (  3%) committed 

Chunk freelists:
   Non-Class:  2.00 KB
       Class:  24.00 KB
        Both:  26.00 KB

MaxMetaspaceSize: 17179869184.00 GB
CompressedClassSpaceSize: 1.00 GB

CodeHeap 'non-profiled nmethods': size=119168Kb used=1074Kb max_used=1074Kb free=118093Kb
 bounds [0x000001c0ab2b0000, 0x000001c0ab520000, 0x000001c0b2710000]
CodeHeap 'profiled nmethods': size=119168Kb used=5939Kb max_used=5939Kb free=113228Kb
 bounds [0x000001c0a3e50000, 0x000001c0a4420000, 0x000001c0ab2b0000]
CodeHeap 'non-nmethods': size=7424Kb used=2287Kb max_used=2320Kb free=5136Kb
 bounds [0x000001c0a3710000, 0x000001c0a3980000, 0x000001c0a3e50000]
 total_blobs=3164 nmethods=2655 adapters=417
 compilation: enabled
              stopped_count=0, restarted_count=0
 full_count=0

Compilation events (20 events):
Event: 2.542 Thread 0x000001c0bb4e3800 nmethod 2637 0x000001c0a4405090 code [0x000001c0a4405780, 0x000001c0a4408068]
Event: 2.545 Thread 0x000001c0bc6fb000 2639       3       com.google.common.base.MoreObjects::firstNonNull (22 bytes)
Event: 2.545 Thread 0x000001c0bc6fb000 nmethod 2639 0x000001c0a4409390 code [0x000001c0a4409560, 0x000001c0a4409788]
Event: 2.549 Thread 0x000001c0bac18800 2640       3       java.lang.Class::copyConstructors (38 bytes)
Event: 2.549 Thread 0x000001c0bb4e3800 2642       3       jdk.internal.misc.Unsafe::ensureClassInitialized (18 bytes)
Event: 2.549 Thread 0x000001c0bb4e3800 nmethod 2642 0x000001c0a4409890 code [0x000001c0a4409a60, 0x000001c0a4409c78]
Event: 2.549 Thread 0x000001c0bac18800 nmethod 2640 0x000001c0a4409d90 code [0x000001c0a440a000, 0x000001c0a440aa88]
Event: 2.553 Thread 0x000001c0bc6fb000 2643       3       java.lang.invoke.MethodHandles$Lookup::lookupModes (8 bytes)
Event: 2.553 Thread 0x000001c0bc6fb000 nmethod 2643 0x000001c0a440ae10 code [0x000001c0a440afc0, 0x000001c0a440b0b8]
Event: 2.555 Thread 0x000001c0bb4e3800 2644       3       jdk.internal.loader.Resource::getByteBuffer (24 bytes)
Event: 2.555 Thread 0x000001c0bac18800 2645       3       java.security.SecureClassLoader::defineClass (16 bytes)
Event: 2.555 Thread 0x000001c0bac18800 nmethod 2645 0x000001c0a440b190 code [0x000001c0a440b360, 0x000001c0a440b4f8]
Event: 2.555 Thread 0x000001c0bb4e3800 nmethod 2644 0x000001c0a440b610 code [0x000001c0a440b800, 0x000001c0a440bf58]
Event: 2.560 Thread 0x000001c0bc6fb000 2650       3       org.gradle.internal.hash.Hashing$MessageDigestHasher::getDigest (22 bytes)
Event: 2.560 Thread 0x000001c0bc6fb000 nmethod 2650 0x000001c0a440c090 code [0x000001c0a440c260, 0x000001c0a440c468]
Event: 2.561 Thread 0x000001c0bac18800 2651       3       java.lang.Enum::hashCode (5 bytes)
Event: 2.561 Thread 0x000001c0bac18800 nmethod 2651 0x000001c0a440c590 code [0x000001c0a440c740, 0x000001c0a440c868]
Event: 2.562 Thread 0x000001c0bb4e3800 2653       3       jdk.internal.reflect.Reflection::isSubclassOf (21 bytes)
Event: 2.562 Thread 0x000001c0bac18800 2652       3       jdk.internal.reflect.ReflectionFactory::newConstructorAccessor (154 bytes)
Event: 2.562 Thread 0x000001c0bb4e3800 nmethod 2653 0x000001c0a440c910 code [0x000001c0a440cae0, 0x000001c0a440cd08]

GC Heap History (6 events):
Event: 0.722 GC heap before
{Heap before GC invocations=0 (full 0):
 garbage-first heap   total 258048K, used 29696K [0x0000000080000000, 0x0000000100000000)
  region size 1024K, 24 young (24576K), 0 survivors (0K)
 Metaspace       used 10232K, capacity 10491K, committed 10624K, reserved 1058816K
  class space    used 1065K, capacity 1138K, committed 1152K, reserved 1048576K
}
Event: 0.725 GC heap after
{Heap after GC invocations=1 (full 0):
 garbage-first heap   total 258048K, used 9676K [0x0000000080000000, 0x0000000100000000)
  region size 1024K, 3 young (3072K), 3 survivors (3072K)
 Metaspace       used 10232K, capacity 10491K, committed 10624K, reserved 1058816K
  class space    used 1065K, capacity 1138K, committed 1152K, reserved 1048576K
}
Event: 2.036 GC heap before
{Heap before GC invocations=1 (full 0):
 garbage-first heap   total 258048K, used 109004K [0x0000000080000000, 0x0000000100000000)
  region size 1024K, 101 young (103424K), 3 survivors (3072K)
 Metaspace       used 20744K, capacity 21172K, committed 21296K, reserved 1069056K
  class space    used 2531K, capacity 2660K, committed 2688K, reserved 1048576K
}
Event: 2.041 GC heap after
{Heap after GC invocations=2 (full 0):
 garbage-first heap   total 258048K, used 17202K [0x0000000080000000, 0x0000000100000000)
  region size 1024K, 11 young (11264K), 11 survivors (11264K)
 Metaspace       used 20744K, capacity 21172K, committed 21296K, reserved 1069056K
  class space    used 2531K, capacity 2660K, committed 2688K, reserved 1048576K
}
Event: 2.309 GC heap before
{Heap before GC invocations=3 (full 0):
 garbage-first heap   total 258048K, used 62258K [0x0000000080000000, 0x0000000100000000)
  region size 1024K, 55 young (56320K), 11 survivors (11264K)
 Metaspace       used 25141K, capacity 25714K, committed 25904K, reserved 1071104K
  class space    used 3242K, capacity 3435K, committed 3456K, reserved 1048576K
}
Event: 2.312 GC heap after
{Heap after GC invocations=4 (full 0):
 garbage-first heap   total 258048K, used 19393K [0x0000000080000000, 0x0000000100000000)
  region size 1024K, 3 young (3072K), 3 survivors (3072K)
 Metaspace       used 25141K, capacity 25714K, committed 25904K, reserved 1071104K
  class space    used 3242K, capacity 3435K, committed 3456K, reserved 1048576K
}

Deoptimization events (20 events):
Event: 2.334 Thread 0x000001c0bd5d5000 Uncommon trap: trap_request=0xffffff7e fr.pc=0x000001c0ab3a539c relative=0x000000000000015c
Event: 2.334 Thread 0x000001c0bd5d5000 Uncommon trap: reason=predicate action=maybe_recompile pc=0x000001c0ab3a539c method=com.google.common.base.CharMatcher.indexIn(Ljava/lang/CharSequence;I)I @ 19 c2
Event: 2.334 Thread 0x000001c0bd5d5000 DEOPT PACKING pc=0x000001c0ab3a539c sp=0x000000990b3fb320
Event: 2.334 Thread 0x000001c0bd5d5000 DEOPT UNPACKING pc=0x000001c0a373662f sp=0x000000990b3fb2b0 mode 2
Event: 2.340 Thread 0x000001c0bd5d5000 Uncommon trap: trap_request=0xffffff4d fr.pc=0x000001c0ab35a128 relative=0x00000000000013e8
Event: 2.340 Thread 0x000001c0bd5d5000 Uncommon trap: reason=unstable_if action=reinterpret pc=0x000001c0ab35a128 method=java.util.concurrent.ConcurrentHashMap.putVal(Ljava/lang/Object;Ljava/lang/Object;Z)Ljava/lang/Object; @ 231 c2
Event: 2.340 Thread 0x000001c0bd5d5000 DEOPT PACKING pc=0x000001c0ab35a128 sp=0x000000990b3fc390
Event: 2.340 Thread 0x000001c0bd5d5000 DEOPT UNPACKING pc=0x000001c0a373662f sp=0x000000990b3fc310 mode 2
Event: 2.356 Thread 0x000001c0bd5d5000 Uncommon trap: trap_request=0xffffff4d fr.pc=0x000001c0ab2d3ab0 relative=0x00000000000004f0
Event: 2.356 Thread 0x000001c0bd5d5000 Uncommon trap: reason=unstable_if action=reinterpret pc=0x000001c0ab2d3ab0 method=java.util.Properties$LineReader.readLine()I @ 249 c2
Event: 2.356 Thread 0x000001c0bd5d5000 DEOPT PACKING pc=0x000001c0ab2d3ab0 sp=0x000000990b3fb740
Event: 2.356 Thread 0x000001c0bd5d5000 DEOPT UNPACKING pc=0x000001c0a373662f sp=0x000000990b3fb6d0 mode 2
Event: 2.475 Thread 0x000001c0bd5d5000 Uncommon trap: trap_request=0xffffff4d fr.pc=0x000001c0ab36744c relative=0x000000000000020c
Event: 2.475 Thread 0x000001c0bd5d5000 Uncommon trap: reason=unstable_if action=reinterpret pc=0x000001c0ab36744c method=java.util.HashMap.hash(Ljava/lang/Object;)I @ 1 c2
Event: 2.475 Thread 0x000001c0bd5d5000 DEOPT PACKING pc=0x000001c0ab36744c sp=0x000000990b3f8ce0
Event: 2.475 Thread 0x000001c0bd5d5000 DEOPT UNPACKING pc=0x000001c0a373662f sp=0x000000990b3f8c18 mode 2
Event: 2.475 Thread 0x000001c0bd5d5000 Uncommon trap: trap_request=0xffffff4d fr.pc=0x000001c0ab37c5ac relative=0x000000000000008c
Event: 2.475 Thread 0x000001c0bd5d5000 Uncommon trap: reason=unstable_if action=reinterpret pc=0x000001c0ab37c5ac method=java.util.HashMap.hash(Ljava/lang/Object;)I @ 1 c2
Event: 2.475 Thread 0x000001c0bd5d5000 DEOPT PACKING pc=0x000001c0ab37c5ac sp=0x000000990b3f8a50
Event: 2.475 Thread 0x000001c0bd5d5000 DEOPT UNPACKING pc=0x000001c0a373662f sp=0x000000990b3f89e8 mode 2

Classes redefined (0 events):
No events

Internal exceptions (20 events):
Event: 2.208 Thread 0x000001c0bd5d5000 Exception <a 'java/lang/NoSuchMethodError'{0x000000008e012368}: 'void java.lang.invoke.DirectMethodHandle$Holder.invokeSpecial(java.lang.Object, java.lang.Object, java.lang.Object, java.lang.Object, java.lang.Object, java.lang.Object)'> (0x000000008e012368) thrown at [./src/hotspot/share/interpreter/linkResolver.cpp, line 773]
Event: 2.213 Thread 0x000001c0bd5d5000 Exception <a 'java/lang/NoSuchMethodError'{0x000000008df01840}: 'void java.lang.invoke.DirectMethodHandle$Holder.invokeSpecial(java.lang.Object, java.lang.Object, java.lang.Object, java.lang.Object, java.lang.Object, java.lang.Object, java.lang.Object)'> (0x000000008df01840) thrown at [./src/hotspot/share/interpreter/linkResolver.cpp, line 773]
Event: 2.213 Thread 0x000001c0bd5d5000 Exception <a 'java/lang/NoSuchMethodError'{0x000000008df09d30}: 'java.lang.Object java.lang.invoke.Invokers$Holder.linkToTargetMethod(java.lang.Object, java.lang.Object, java.lang.Object, java.lang.Object, java.lang.Object, java.lang.Object)'> (0x000000008df09d30) thrown at [./src/hotspot/share/interpreter/linkResolver.cpp, line 773]
Event: 2.264 Thread 0x000001c0bd5d5000 Exception <a 'java/lang/NoSuchMethodError'{0x000000008d677430}: 'int java.lang.invoke.DirectMethodHandle$Holder.invokeStaticInit(java.lang.Object, java.lang.Object, java.lang.Object)'> (0x000000008d677430) thrown at [./src/hotspot/share/interpreter/linkResolver.cpp, line 773]
Event: 2.300 Thread 0x000001c0bd5d5000 Exception <a 'java/lang/NoSuchMethodError'{0x000000008d1a7d58}: 'void java.lang.invoke.DirectMethodHandle$Holder.invokeStaticInit(java.lang.Object, java.lang.Object)'> (0x000000008d1a7d58) thrown at [./src/hotspot/share/interpreter/linkResolver.cpp, line 773]
Event: 2.346 Thread 0x000001c0bd5d5000 Exception <a 'java/lang/NoSuchMethodError'{0x000000008f7478a8}: 'void java.lang.invoke.DirectMethodHandle$Holder.invokeStatic(java.lang.Object, java.lang.Object, java.lang.Object, java.lang.Object)'> (0x000000008f7478a8) thrown at [./src/hotspot/share/interpreter/linkResolver.cpp, line 773]
Event: 2.347 Thread 0x000001c0bd5d5000 Exception <a 'java/lang/NoSuchMethodError'{0x000000008f75b3a8}: 'int java.lang.invoke.DirectMethodHandle$Holder.invokeInterface(java.lang.Object, java.lang.Object)'> (0x000000008f75b3a8) thrown at [./src/hotspot/share/interpreter/linkResolver.cpp, line 773]
Event: 2.411 Thread 0x000001c0bd5d5000 Exception <a 'java/lang/NoSuchMethodError'{0x000000008ede7530}: 'java.lang.Object java.lang.invoke.DirectMethodHandle$Holder.invokeSpecialIFC(java.lang.Object, java.lang.Object, java.lang.Object, java.lang.Object)'> (0x000000008ede7530) thrown at [./src/hotspot/share/interpreter/linkResolver.cpp, line 773]
Event: 2.415 Thread 0x000001c0bd5d5000 Exception <a 'java/lang/NoSuchMethodError'{0x000000008ecc92e0}: 'java.lang.Object java.lang.invoke.DirectMethodHandle$Holder.invokeSpecial(java.lang.Object, java.lang.Object, java.lang.Object, java.lang.Object, java.lang.Object, java.lang.Object, java.lang.Object, java.lang.Object, java.lang.Object, java.lang.Object, java.lang.Object, java.lang.Object, java.lang.Object)'> (0x000000008ecc92e0) thrown at [./src/hotspot/share/interpreter/linkResolver.cpp, line 773]
Event: 2.416 Thread 0x000001c0bd5d5000 Exception <a 'java/lang/NoSuchMethodError'{0x000000008ecda140}: 'java.lang.Object java.lang.invoke.DirectMethodHandle$Holder.invokeSpecial(java.lang.Object, java.lang.Object, java.lang.Object, java.lang.Object, java.lang.Object, java.lang.Object, java.lang.Object, java.lang.Object, java.lang.Object, java.lang.Object, java.lang.Object, java.lang.Object)'> (0x000000008ecda140) thrown at [./src/hotspot/share/interpreter/linkResolver.cpp, line 773]
Event: 2.416 Thread 0x000001c0bd5d5000 Exception <a 'java/lang/NoSuchMethodError'{0x000000008ecdf268}: 'java.lang.Object java.lang.invoke.Invokers$Holder.linkToTargetMethod(java.lang.Object, java.lang.Object, java.lang.Object, java.lang.Object, java.lang.Object, java.lang.Object, java.lang.Object, java.lang.Object, java.lang.Object, java.lang.Object, java.lang.Object)'> (0x000000008ecdf268) thrown at [./src/hotspot/share/interpreter/linkResolver.cpp, line 773]
Event: 2.422 Thread 0x000001c0bd5d5000 Exception <a 'java/lang/NoSuchMethodError'{0x000000008ea2b190}: 'java.lang.Object java.lang.invoke.DirectMethodHandle$Holder.invokeSpecial(java.lang.Object, java.lang.Object, java.lang.Object, java.lang.Object, java.lang.Object, java.lang.Object, java.lang.Object, java.lang.Object, java.lang.Object, java.lang.Object, java.lang.Object, java.lang.Object, java.lang.Object, java.lang.Object)'> (0x000000008ea2b190) thrown at [./src/hotspot/share/interpreter/linkResolver.cpp, line 773]
Event: 2.422 Thread 0x000001c0bd5d5000 Exception <a 'java/lang/NoSuchMethodError'{0x000000008ea3c808}: 'java.lang.Object java.lang.invoke.Invokers$Holder.linkToTargetMethod(java.lang.Object, java.lang.Object, java.lang.Object, java.lang.Object, java.lang.Object, java.lang.Object, java.lang.Object, java.lang.Object, java.lang.Object, java.lang.Object, java.lang.Object, java.lang.Object)'> (0x000000008ea3c808) thrown at [./src/hotspot/share/interpreter/linkResolver.cpp, line 773]
Event: 2.426 Thread 0x000001c0bd5d5000 Exception <a 'java/lang/NoSuchMethodError'{0x000000008ead4b50}: 'java.lang.Object java.lang.invoke.DirectMethodHandle$Holder.invokeStaticInit(java.lang.Object, java.lang.Object, java.lang.Object, java.lang.Object)'> (0x000000008ead4b50) thrown at [./src/hotspot/share/interpreter/linkResolver.cpp, line 773]
Event: 2.475 Thread 0x000001c0bd5d5000 Implicit null exception at 0x000001c0ab367275 to 0x000001c0ab36743c
Event: 2.475 Thread 0x000001c0bd5d5000 Implicit null exception at 0x000001c0ab37c52f to 0x000001c0ab37c59d
Event: 2.547 Thread 0x000001c0bd5d5000 Exception <a 'java/lang/NoSuchMethodError'{0x000000008d8a9500}: 'java.lang.Object java.lang.invoke.Invokers$Holder.linkToTargetMethod(java.lang.Object, java.lang.Object, java.lang.Object, java.lang.Object, java.lang.Object, java.lang.Object, java.lang.Object, java.lang.Object)'> (0x000000008d8a9500) thrown at [./src/hotspot/share/interpreter/linkResolver.cpp, line 773]
Event: 2.549 Thread 0x000001c0bd5d5000 Exception <a 'java/lang/NoSuchMethodError'{0x000000008d8de250}: 'java.lang.Object java.lang.invoke.DirectMethodHandle$Holder.invokeVirtual(java.lang.Object, java.lang.Object, java.lang.Object)'> (0x000000008d8de250) thrown at [./src/hotspot/share/interpreter/linkResolver.cpp, line 773]
Event: 2.556 Thread 0x000001c0bd5d5000 Exception <a 'java/lang/NoSuchMethodError'{0x000000008d7ba1c0}: 'java.lang.Object java.lang.invoke.Invokers$Holder.linkToTargetMethod(java.lang.Object, java.lang.Object, java.lang.Object, java.lang.Object, java.lang.Object, java.lang.Object, java.lang.Object)'> (0x000000008d7ba1c0) thrown at [./src/hotspot/share/interpreter/linkResolver.cpp, line 773]
Event: 2.557 Thread 0x000001c0bd5d5000 Exception <a 'java/lang/IncompatibleClassChangeError'{0x000000008d7fa0d0}: Found class java.lang.Object, but interface was expected> (0x000000008d7fa0d0) thrown at [./src/hotspot/share/interpreter/linkResolver.cpp, line 839]

Events (20 events):
Event: 2.560 loading class org/gradle/internal/fingerprint/impl/FingerprinterRegistration
Event: 2.560 loading class org/gradle/internal/fingerprint/impl/FingerprinterRegistration done
Event: 2.561 loading class org/gradle/internal/execution/fingerprint/impl/DefaultInputFingerprinter
Event: 2.561 loading class org/gradle/internal/execution/fingerprint/impl/DefaultInputFingerprinter done
Event: 2.561 loading class org/gradle/internal/execution/DefaultOutputSnapshotter
Event: 2.561 loading class org/gradle/internal/execution/DefaultOutputSnapshotter done
Event: 2.561 loading class org/gradle/internal/execution/UnitOfWork$OutputVisitor
Event: 2.561 loading class org/gradle/internal/execution/UnitOfWork$OutputVisitor done
Event: 2.561 loading class org/gradle/internal/execution/history/impl/DefaultOverlappingOutputDetector
Event: 2.561 loading class org/gradle/internal/execution/history/impl/DefaultOverlappingOutputDetector done
Event: 2.561 loading class org/gradle/internal/execution/timeout/impl/DefaultTimeoutHandler
Event: 2.561 loading class org/gradle/internal/execution/timeout/impl/DefaultTimeoutHandler done
Event: 2.562 loading class org/gradle/internal/execution/timeout/Timeout
Event: 2.562 loading class org/gradle/internal/execution/timeout/Timeout done
Event: 2.562 loading class org/gradle/internal/id/UniqueId
Event: 2.562 loading class org/gradle/internal/id/UniqueId done
Event: 2.563 loading class com/google/common/io/BaseEncoding
Event: 2.563 loading class com/google/common/io/BaseEncoding done
Event: 2.563 loading class com/google/common/io/BaseEncoding$Base64Encoding
Event: 2.563 loading class com/google/common/io/BaseEncoding$Base64Encoding done


Dynamic libraries:
0x00007ff73ac10000 - 0x00007ff73ac1a000 	C:\Program Files\Android\Android Studio\jre\bin\java.exe
0x00007ff975580000 - 0x00007ff975789000 	C:\Windows\SYSTEM32\ntdll.dll
0x00007ff9749f0000 - 0x00007ff974aad000 	C:\Windows\System32\KERNEL32.DLL
0x00007ff972e70000 - 0x00007ff9731eb000 	C:\Windows\System32\KERNELBASE.dll
0x00007ff9732e0000 - 0x00007ff9733f1000 	C:\Windows\System32\ucrtbase.dll
0x00007ff96c820000 - 0x00007ff96c837000 	C:\Program Files\Android\Android Studio\jre\bin\VCRUNTIME140.dll
0x00007ff96c230000 - 0x00007ff96c249000 	C:\Program Files\Android\Android Studio\jre\bin\jli.dll
0x00007ff974ae0000 - 0x00007ff974c8d000 	C:\Windows\System32\USER32.dll
0x00007ff9732b0000 - 0x00007ff9732d6000 	C:\Windows\System32\win32u.dll
0x00007ff974ab0000 - 0x00007ff974ad9000 	C:\Windows\System32\GDI32.dll
0x00007ff972c40000 - 0x00007ff972d58000 	C:\Windows\System32\gdi32full.dll
0x00007ff972d60000 - 0x00007ff972dfd000 	C:\Windows\System32\msvcp_win.dll
0x00007ff95d910000 - 0x00007ff95dbb5000 	C:\Windows\WinSxS\amd64_microsoft.windows.common-controls_6595b64144ccf1df_6.0.22000.120_none_9d947278b86cc467\COMCTL32.dll
0x00007ff973610000 - 0x00007ff9736b3000 	C:\Windows\System32\msvcrt.dll
0x00007ff973870000 - 0x00007ff9738a1000 	C:\Windows\System32\IMM32.DLL
0x00007ff956f20000 - 0x00007ff956fbd000 	C:\Program Files\Android\Android Studio\jre\bin\msvcp140.dll
0x00007ff8fbd40000 - 0x00007ff8fc815000 	C:\Program Files\Android\Android Studio\jre\bin\server\jvm.dll
0x00007ff974c90000 - 0x00007ff974d3e000 	C:\Windows\System32\ADVAPI32.dll
0x00007ff974d40000 - 0x00007ff974dde000 	C:\Windows\System32\sechost.dll
0x00007ff9738d0000 - 0x00007ff9739f0000 	C:\Windows\System32\RPCRT4.dll
0x00007ff975530000 - 0x00007ff975538000 	C:\Windows\System32\PSAPI.DLL
0x00007ff96dce0000 - 0x00007ff96dcea000 	C:\Windows\SYSTEM32\VERSION.dll
0x00007ff96c860000 - 0x00007ff96c869000 	C:\Windows\SYSTEM32\WSOCK32.dll
0x00007ff9754c0000 - 0x00007ff97552f000 	C:\Windows\System32\WS2_32.dll
0x00007ff95eda0000 - 0x00007ff95edd3000 	C:\Windows\SYSTEM32\WINMM.dll
0x00007ff971bc0000 - 0x00007ff971bd8000 	C:\Windows\SYSTEM32\kernel.appcore.dll
0x00007ff96cdb0000 - 0x00007ff96cdc1000 	C:\Program Files\Android\Android Studio\jre\bin\verify.dll
0x00007ff970500000 - 0x00007ff970721000 	C:\Windows\SYSTEM32\DBGHELP.DLL
0x00007ff96c680000 - 0x00007ff96c6b1000 	C:\Windows\SYSTEM32\dbgcore.DLL
0x00007ff972a50000 - 0x00007ff972acf000 	C:\Windows\System32\bcryptPrimitives.dll
0x00007ff960f80000 - 0x00007ff960fa9000 	C:\Program Files\Android\Android Studio\jre\bin\java.dll
0x00007ff96ced0000 - 0x00007ff96cedb000 	C:\Program Files\Android\Android Studio\jre\bin\jimage.dll
0x00007ff96c840000 - 0x00007ff96c858000 	C:\Program Files\Android\Android Studio\jre\bin\zip.dll
0x00007ff973b30000 - 0x00007ff9742e8000 	C:\Windows\System32\SHELL32.dll
0x00007ff970b50000 - 0x00007ff9713b5000 	C:\Windows\SYSTEM32\windows.storage.dll
0x00007ff974df0000 - 0x00007ff975167000 	C:\Windows\System32\combase.dll
0x00007ff9709d0000 - 0x00007ff970b36000 	C:\Windows\SYSTEM32\wintypes.dll
0x00007ff973400000 - 0x00007ff9734ea000 	C:\Windows\System32\SHCORE.dll
0x00007ff974430000 - 0x00007ff97448d000 	C:\Windows\System32\shlwapi.dll
0x00007ff972980000 - 0x00007ff9729a1000 	C:\Windows\SYSTEM32\profapi.dll
0x00007ff96bcb0000 - 0x00007ff96bcca000 	C:\Program Files\Android\Android Studio\jre\bin\net.dll
0x00007ff96d9e0000 - 0x00007ff96daec000 	C:\Windows\SYSTEM32\WINHTTP.dll
0x00007ff972060000 - 0x00007ff9720c7000 	C:\Windows\system32\mswsock.dll
0x00007ff96bb70000 - 0x00007ff96bb84000 	C:\Program Files\Android\Android Studio\jre\bin\nio.dll
0x00007ff960e10000 - 0x00007ff960e37000 	C:\Users\ipead\.gradle\native\e1d6ef7f7dcc3fd88c89a11ec53ec762bb8ba0a96d01ffa2cd45eb1d1d8dd5c5\windows-amd64\native-platform.dll
0x00007ff94c390000 - 0x00007ff94c4d4000 	C:\Users\ipead\.gradle\native\5664cfc778a61ccfe75a443a1ab52a65af34e5dc3c78e0209fed803814484fcb\windows-amd64\native-platform-file-events.dll
0x00007ff96ce70000 - 0x00007ff96ce7a000 	C:\Program Files\Android\Android Studio\jre\bin\management.dll
0x00007ff96c430000 - 0x00007ff96c43d000 	C:\Program Files\Android\Android Studio\jre\bin\management_ext.dll
0x00007ff9722a0000 - 0x00007ff9722b8000 	C:\Windows\SYSTEM32\CRYPTSP.dll
0x00007ff971b20000 - 0x00007ff971b55000 	C:\Windows\system32\rsaenh.dll
0x00007ff972150000 - 0x00007ff972179000 	C:\Windows\SYSTEM32\USERENV.dll
0x00007ff972430000 - 0x00007ff972457000 	C:\Windows\SYSTEM32\bcrypt.dll
0x00007ff9722c0000 - 0x00007ff9722cc000 	C:\Windows\SYSTEM32\CRYPTBASE.dll
0x00007ff971730000 - 0x00007ff97175d000 	C:\Windows\SYSTEM32\IPHLPAPI.DLL
0x00007ff974de0000 - 0x00007ff974de9000 	C:\Windows\System32\NSI.dll
0x00007ff96d820000 - 0x00007ff96d839000 	C:\Windows\SYSTEM32\dhcpcsvc6.DLL
0x00007ff96de20000 - 0x00007ff96de3e000 	C:\Windows\SYSTEM32\dhcpcsvc.DLL
0x00007ff971760000 - 0x00007ff971848000 	C:\Windows\SYSTEM32\DNSAPI.dll

dbghelp: loaded successfully - version: 4.0.5 - missing functions: none
symbol engine: initialized successfully - sym options: 0x614 - pdb path: .;C:\Program Files\Android\Android Studio\jre\bin;C:\Windows\SYSTEM32;C:\Windows\WinSxS\amd64_microsoft.windows.common-controls_6595b64144ccf1df_6.0.22000.120_none_9d947278b86cc467;C:\Program Files\Android\Android Studio\jre\bin\server;C:\Users\ipead\.gradle\native\e1d6ef7f7dcc3fd88c89a11ec53ec762bb8ba0a96d01ffa2cd45eb1d1d8dd5c5\windows-amd64;C:\Users\ipead\.gradle\native\5664cfc778a61ccfe75a443a1ab52a65af34e5dc3c78e0209fed803814484fcb\windows-amd64

VM Arguments:
jvm_args: --add-opens=java.base/java.util=ALL-UNNAMED --add-opens=java.base/java.lang=ALL-UNNAMED --add-opens=java.base/java.lang.invoke=ALL-UNNAMED --add-opens=java.base/java.util=ALL-UNNAMED --add-opens=java.prefs/java.util.prefs=ALL-UNNAMED --add-opens=java.prefs/java.util.prefs=ALL-UNNAMED --add-opens=java.base/java.nio.charset=ALL-UNNAMED --add-opens=java.base/java.net=ALL-UNNAMED --add-opens=java.base/java.util.concurrent.atomic=ALL-UNNAMED -Xmx2048m -Dfile.encoding=UTF-8 -Duser.country=BR -Duser.language=pt -Duser.variant 
java_command: org.gradle.launcher.daemon.bootstrap.GradleDaemon 7.2
java_class_path (initial): C:\Users\ipead\.gradle\wrapper\dists\gradle-7.2-bin\2dnblmf4td7x66yl1d74lt32g\gradle-7.2\lib\gradle-launcher-7.2.jar
Launcher Type: SUN_STANDARD

[Global flags]
     intx CICompilerCount                          = 12                                        {product} {ergonomic}
     uint ConcGCThreads                            = 3                                         {product} {ergonomic}
     uint G1ConcRefinementThreads                  = 13                                        {product} {ergonomic}
   size_t G1HeapRegionSize                         = 1048576                                   {product} {ergonomic}
    uintx GCDrainStackTargetSize                   = 64                                        {product} {ergonomic}
   size_t InitialHeapSize                          = 264241152                                 {product} {ergonomic}
   size_t MarkStackSize                            = 4194304                                   {product} {ergonomic}
   size_t MaxHeapSize                              = 2147483648                                {product} {command line}
   size_t MaxNewSize                               = 1287651328                                {product} {ergonomic}
   size_t MinHeapDeltaBytes                        = 1048576                                   {product} {ergonomic}
    uintx NonNMethodCodeHeapSize                   = 7594288                                {pd product} {ergonomic}
    uintx NonProfiledCodeHeapSize                  = 122031976                              {pd product} {ergonomic}
    uintx ProfiledCodeHeapSize                     = 122031976                              {pd product} {ergonomic}
    uintx ReservedCodeCacheSize                    = 251658240                              {pd product} {ergonomic}
     bool SegmentedCodeCache                       = true                                      {product} {ergonomic}
     bool UseCompressedClassPointers               = true                                 {lp64_product} {ergonomic}
     bool UseCompressedOops                        = true                                 {lp64_product} {ergonomic}
     bool UseG1GC                                  = true                                      {product} {ergonomic}
     bool UseLargePagesIndividualAllocation        = false                                  {pd product} {ergonomic}

Logging:
Log output configuration:
 #0: stdout all=warning uptime,level,tags
 #1: stderr all=off uptime,level,tags

Environment Variables:
PATH=C:\Windows\system32;C:\Windows;C:\Windows\System32\Wbem;C:\Windows\System32\WindowsPowerShell\v1.0\;C:\Windows\System32\OpenSSH\;C:\Program Files (x86)\NVIDIA Corporation\PhysX\Common;C:\Program Files\NVIDIA Corporation\NVIDIA NvDLISR;C:\Program Files\dotnet\;C:\Program Files\Git\cmd;C:\Users\ipead\AppData\Local\Microsoft\WindowsApps;;C:\Users\ipead\AppData\Local\Programs\Microsoft VS Code\bin
USERNAME=Pescarte
OS=Windows_NT
PROCESSOR_IDENTIFIER=Intel64 Family 6 Model 165 Stepping 5, GenuineIntel



---------------  S Y S T E M  ---------------

OS: Windows 10 , 64 bit Build 22000 (10.0.22000.708)
OS uptime: 13 days 14:08 hours

CPU:total 16 (initial active 16) (8 cores per cpu, 2 threads per core) family 6 model 165 stepping 5 microcode 0xf0, cmov, cx8, fxsr, mmx, sse, sse2, sse3, ssse3, sse4.1, sse4.2, popcnt, avx, avx2, aes, clmul, erms, 3dnowpref, lzcnt, ht, tsc, tscinvbit, bmi1, bmi2, adx, fma

Memory: 4k page, system-wide physical 16046M (319M free)
TotalPageFile size 43912M (AvailPageFile size 3M)
current process WorkingSet (physical memory assigned to process): 248M, peak: 248M
current process commit charge ("private bytes"): 425M, peak: 425M

vm_info: OpenJDK 64-Bit Server VM (11.0.11+9-b60-7590822) for windows-amd64 JRE (11.0.11+9-b60-7590822), built on Jul 29 2021 21:43:44 by "builder" with MS VC++ 14.0 (VS2015)

END.
